This is pdfTeX, Version 3.1415926-2.5-1.40.14 (MiKTeX 2.9 64-bit) (preloaded format=pdflatex 2015.1.6)  9 OCT 2015 13:07
entering extended mode
**exampleharvard.tex

("C:\CrowdModelling\documents\Thesis Progress\Latex\cssethesis-1.7-src\exampleh
arvard.tex"
LaTeX2e <2011/06/27>
Babel <v3.8m> and hyphenation patterns for english, afrikaans, ancientgreek, ar
abic, armenian, assamese, basque, bengali, bokmal, bulgarian, catalan, coptic, 
croatian, czech, danish, dutch, esperanto, estonian, farsi, finnish, french, ga
lician, german, german-x-2013-05-26, greek, gujarati, hindi, hungarian, iceland
ic, indonesian, interlingua, irish, italian, kannada, kurmanji, latin, latvian,
 lithuanian, malayalam, marathi, mongolian, mongolianlmc, monogreek, ngerman, n
german-x-2013-05-26, nynorsk, oriya, panjabi, pinyin, polish, portuguese, roman
ian, russian, sanskrit, serbian, slovak, slovenian, spanish, swedish, swissgerm
an, tamil, telugu, turkish, turkmen, ukenglish, ukrainian, uppersorbian, usengl
ishmax, welsh, loaded.

("C:\CrowdModelling\documents\Thesis Progress\Latex\cssethesis-1.7-src\cssethes
is.cls"
Document Class: cssethesis 2005/10/18 v1.7 Monash Caulfield and Clayton Schools
 of Information Technology thesis class
("C:\Program Files\MiKTeX 2.91\tex\latex\base\book.cls"
Document Class: book 2007/10/19 v1.4h Standard LaTeX document class
("C:\Program Files\MiKTeX 2.91\tex\latex\base\bk11.clo"
File: bk11.clo 2007/10/19 v1.4h Standard LaTeX file (size option)
)
\c@part=\count79
\c@chapter=\count80
\c@section=\count81
\c@subsection=\count82
\c@subsubsection=\count83
\c@paragraph=\count84
\c@subparagraph=\count85
\c@figure=\count86
\c@table=\count87
\abovecaptionskip=\skip41
\belowcaptionskip=\skip42
\bibindent=\dimen102
)
("C:\Program Files\MiKTeX 2.91\tex\latex\geometry\geometry.sty"
Package: geometry 2010/09/12 v5.6 Page Geometry

("C:\Program Files\MiKTeX 2.91\tex\latex\graphics\keyval.sty"
Package: keyval 1999/03/16 v1.13 key=value parser (DPC)
\KV@toks@=\toks14
)
("C:\Program Files\MiKTeX 2.91\tex\generic\oberdiek\ifpdf.sty"
Package: ifpdf 2011/01/30 v2.3 Provides the ifpdf switch (HO)
Package ifpdf Info: pdfTeX in PDF mode is detected.
)
("C:\Program Files\MiKTeX 2.91\tex\generic\oberdiek\ifvtex.sty"
Package: ifvtex 2010/03/01 v1.5 Detect VTeX and its facilities (HO)
Package ifvtex Info: VTeX not detected.
)
("C:\Program Files\MiKTeX 2.91\tex\generic\ifxetex\ifxetex.sty"
Package: ifxetex 2010/09/12 v0.6 Provides ifxetex conditional
)
\Gm@cnth=\count88
\Gm@cntv=\count89
\c@Gm@tempcnt=\count90
\Gm@bindingoffset=\dimen103
\Gm@wd@mp=\dimen104
\Gm@odd@mp=\dimen105
\Gm@even@mp=\dimen106
\Gm@layoutwidth=\dimen107
\Gm@layoutheight=\dimen108
\Gm@layouthoffset=\dimen109
\Gm@layoutvoffset=\dimen110
\Gm@dimlist=\toks15

("C:\Program Files\MiKTeX 2.91\tex\latex\geometry\geometry.cfg"))
("C:\Program Files\MiKTeX 2.91\tex\latex\graphics\graphicx.sty"
Package: graphicx 1999/02/16 v1.0f Enhanced LaTeX Graphics (DPC,SPQR)

("C:\Program Files\MiKTeX 2.91\tex\latex\graphics\graphics.sty"
Package: graphics 2009/02/05 v1.0o Standard LaTeX Graphics (DPC,SPQR)

("C:\Program Files\MiKTeX 2.91\tex\latex\graphics\trig.sty"
Package: trig 1999/03/16 v1.09 sin cos tan (DPC)
)
("C:\Program Files\MiKTeX 2.91\tex\latex\00miktex\graphics.cfg"
File: graphics.cfg 2007/01/18 v1.5 graphics configuration of teTeX/TeXLive
)
Package graphics Info: Driver file: dvips.def on input line 91.

("C:\Program Files\MiKTeX 2.91\tex\latex\graphics\dvips.def"
File: dvips.def 1999/02/16 v3.0i Driver-dependant file (DPC,SPQR)
))
\Gin@req@height=\dimen111
\Gin@req@width=\dimen112
)
("C:\Program Files\MiKTeX 2.91\tex\latex\setspace\setspace.sty"
Package: setspace 2011/12/19 v6.7a set line spacing
)
\hour=\count91
\minute=\count92
)
("C:\CrowdModelling\documents\Thesis Progress\Latex\cssethesis-1.7-src\harvard.
sty"
Package: harvard 
 `harvard.sty - harvard bibliography style Version 2.0.5a' <DMS>
("C:\Program Files\MiKTeX 2.91\tex\latex\base\ifthen.sty"
Package: ifthen 2001/05/26 v1.1c Standard LaTeX ifthen package (DPC)
))
("C:\CrowdModelling\documents\Thesis Progress\Latex\cssethesis-1.7-src\exampleh
arvard.aux"
("C:\CrowdModelling\documents\Thesis Progress\Latex\cssethesis-1.7-src\litrevha
rvard.aux"))
LaTeX Font Info:    Checking defaults for OML/cmm/m/it on input line 56.
LaTeX Font Info:    ... okay on input line 56.
LaTeX Font Info:    Checking defaults for T1/cmr/m/n on input line 56.
LaTeX Font Info:    ... okay on input line 56.
LaTeX Font Info:    Checking defaults for OT1/cmr/m/n on input line 56.
LaTeX Font Info:    ... okay on input line 56.
LaTeX Font Info:    Checking defaults for OMS/cmsy/m/n on input line 56.
LaTeX Font Info:    ... okay on input line 56.
LaTeX Font Info:    Checking defaults for OMX/cmex/m/n on input line 56.
LaTeX Font Info:    ... okay on input line 56.
LaTeX Font Info:    Checking defaults for U/cmr/m/n on input line 56.
LaTeX Font Info:    ... okay on input line 56.

*geometry* driver: auto-detecting
*geometry* detected driver: pdftex
*geometry* verbose mode - [ preamble ] result:
* driver: pdftex
* paper: a4paper
* layout: <same size as paper>
* layoutoffset:(h,v)=(0.0pt,0.0pt)
* modes: twoside 
* h-part:(L,W,R)=(85.35826pt, 426.79134pt, 85.35828pt)
* v-part:(T,H,B)=(71.13188pt, 702.78308pt, 71.13188pt)
* \paperwidth=597.50787pt
* \paperheight=845.04684pt
* \textwidth=426.79134pt
* \textheight=702.78308pt
* \oddsidemargin=13.08827pt
* \evensidemargin=13.08829pt
* \topmargin=-33.0119pt
* \headheight=12.0pt
* \headsep=19.8738pt
* \topskip=11.0pt
* \footskip=27.46295pt
* \marginparwidth=106.0pt
* \marginparsep=7.0pt
* \columnsep=10.0pt
* \skip\footins=10.0pt plus 4.0pt minus 2.0pt
* \hoffset=0.0pt
* \voffset=0.0pt
* \mag=1000
* \@twocolumnfalse
* \@twosidetrue
* \@mparswitchtrue
* \@reversemarginfalse
* (1in=72.27pt=25.4mm, 1cm=28.453pt)

File: MonashCrest.eps Graphic file (type eps)
<MonashCrest.eps> [1


{C:/ProgramData/MiKTeX/2.9/pdftex/config/pdftex.map}
Non-PDF special ignored!]
LaTeX Font Info:    Try loading font information for OMS+cmr on input line 65.

("C:\Program Files\MiKTeX 2.91\tex\latex\base\omscmr.fd"
File: omscmr.fd 1999/05/25 v2.5h Standard LaTeX font definitions
)
LaTeX Font Info:    Font shape `OMS/cmr/m/n' in size <10.95> not available
(Font)              Font shape `OMS/cmsy/m/n' tried instead on input line 65.
 [2] [3]
("C:\CrowdModelling\documents\Thesis Progress\Latex\cssethesis-1.7-src\exampleh
arvard.toc"
LaTeX Font Info:    External font `cmex10' loaded for size
(Font)              <10.95> on input line 1.
LaTeX Font Info:    External font `cmex10' loaded for size
(Font)              <8> on input line 1.
LaTeX Font Info:    External font `cmex10' loaded for size
(Font)              <6> on input line 1.
)
\tf@toc=\write3
 [4

]
("C:\CrowdModelling\documents\Thesis Progress\Latex\cssethesis-1.7-src\exampleh
arvard.lot")
\tf@lot=\write4
 [5

]
("C:\CrowdModelling\documents\Thesis Progress\Latex\cssethesis-1.7-src\exampleh
arvard.lof")
\tf@lof=\write5
 [6

] [7] [8] [9

] [10

]
Chapter 1.

Underfull \vbox (badness 1796) has occurred while \output is active []

 [1

]
[2]
("C:\CrowdModelling\documents\Thesis Progress\Latex\cssethesis-1.7-src\litrevha
rvard.tex"
Chapter 2.

Overfull \hbox (6.12964pt too wide) in paragraph at lines 20--22
[]\OT1/cmr/m/n/10.95 Ade (1983) de-scribes a means by which tex-tures may be ch
ar-ac-ter-ized ...another
 []

) [3


] [4


]
Chapter 3.
File: dilbert_complexpictures.ps Graphic file (type eps)
<dilbert_complexpictures.ps> [5
Non-PDF special ignored!
Non-PDF special ignored!
Non-PDF special ignored!] [6

]
Chapter 4.
[7] [8]
Appendix A.
[9

] [10

]
Appendix B.
[11] [12

]
LaTeX Font Info:    External font `cmex10' loaded for size
(Font)              <9> on input line 290.
LaTeX Font Info:    External font `cmex10' loaded for size
(Font)              <5> on input line 290.

("C:\CrowdModelling\documents\Thesis Progress\Latex\cssethesis-1.7-src\exampleh
arvard.bbl" [13


] [14

]
Overfull \hbox (10.23091pt too wide) in paragraph at lines 14--22
\OT1/cmtt/m/n/10.95 http://www.ai.mit.edu/~jsd/research/publications/1998/DeBon
et-CVPR98.pdf 
 []

) [15] [16

] [17]
("C:\CrowdModelling\documents\Thesis Progress\Latex\cssethesis-1.7-src\exampleh
arvard.aux"
("C:\CrowdModelling\documents\Thesis Progress\Latex\cssethesis-1.7-src\litrevha
rvard.aux")) ) 
Here is how much of TeX's memory you used:
 1454 strings out of 493921
 21403 string characters out of 3146879
 79898 words of memory out of 3000000
 4741 multiletter control sequences out of 15000+200000
 11193 words of font info for 39 fonts, out of 3000000 for 9000
 841 hyphenation exceptions out of 8191
 32i,8n,24p,223b,306s stack positions out of 5000i,500n,10000p,200000b,50000s
<C:/Program Files/MiKTeX 2.91/fonts/type1/public/amsfonts/cm/cmbx
10.pfb><C:/Program Files/MiKTeX 2.91/fonts/type1/public/amsfonts/cm/cmbx12.pfb>
<C:/Program Files/MiKTeX 2.91/fonts/type1/public/amsfonts/cm/cmmi10.pfb><C:/Pro
gram Files/MiKTeX 2.91/fonts/type1/public/amsfonts/cm/cmmi9.pfb><C:/Program Fil
es/MiKTeX 2.91/fonts/type1/public/amsfonts/cm/cmr10.pfb><C:/Program Files/MiKTe
X 2.91/fonts/type1/public/amsfonts/cm/cmr12.pfb><C:/Program Files/MiKTeX 2.91/f
onts/type1/public/amsfonts/cm/cmr6.pfb><C:/Program Files/MiKTeX 2.91/fonts/type
1/public/amsfonts/cm/cmr8.pfb><C:/Program Files/MiKTeX 2.91/fonts/type1/public/
amsfonts/cm/cmr9.pfb><C:/Program Files/MiKTeX 2.91/fonts/type1/public/amsfonts/
cm/cmsl10.pfb><C:/Program Files/MiKTeX 2.91/fonts/type1/public/amsfonts/cm/cmss
10.pfb><C:/Program Files/MiKTeX 2.91/fonts/type1/public/amsfonts/cm/cmsy10.pfb>
<C:/Program Files/MiKTeX 2.91/fonts/type1/public/amsfonts/cm/cmti10.pfb><C:/Pro
gram Files/MiKTeX 2.91/fonts/type1/public/amsfonts/cm/cmtt10.pfb>
Output written on exampleharvard.pdf (27 pages, 210537 bytes).
PDF statistics:
 145 PDF objects out of 1000 (max. 8388607)
 0 named destinations out of 1000 (max. 500000)
 1 words of extra memory for PDF output out of 10000 (max. 10000000)

